<?xml version="1.0" encoding="UTF-8"?>
<!-- Generated by org.testng.reporters.JUnitReportReporter -->
<testsuite hostname="DESKTOP-APIDJLV" failures="0" tests="1" name="com.Tests.Demo11" time="5.596" errors="0" timestamp="2022-07-15T12:09:44 IST" skipped="0">
  <testcase classname="com.Tests.Demo11" name="demo" time="5.596"/>
  <system-out/>
</testsuite> <!-- com.Tests.Demo11 -->
