<?xml version="1.0" encoding="UTF-8"?>
<!-- Generated by org.testng.reporters.JUnitReportReporter -->
<testsuite hostname="DESKTOP-APIDJLV" failures="0" tests="1" name="com.Tests.PracticePage" time="8.479" errors="0" timestamp="2022-07-15T19:45:53 IST" skipped="0">
  <testcase classname="com.Tests.PracticePage" name="checkBox" time="8.479"/>
  <system-out/>
</testsuite> <!-- com.Tests.PracticePage -->
